<?xml version="1.0" encoding="UTF-8"?>
<testng-results ignored="0" total="1" passed="1" failed="0" skipped="0">
  <reporter-output>
  </reporter-output>
  <suite started-at="2024-09-12T23:34:04 IST" name="Default suite" finished-at="2024-09-12T23:34:26 IST" duration-ms="22345">
    <groups>
    </groups>
    <test started-at="2024-09-12T23:34:04 IST" name="Default test" finished-at="2024-09-12T23:34:26 IST" duration-ms="22345">
      <class name="textscripts.CreateQue_LibraryTest">
        <test-method is-config="true" signature="launchBrowser()[pri:0, instance:textscripts.CreateQue_LibraryTest@47987356]" started-at="2024-09-12T23:34:04 IST" name="launchBrowser" finished-at="2024-09-12T23:34:15 IST" duration-ms="10966" status="PASS">
          <reporter-output>
          </reporter-output>
        </test-method> <!-- launchBrowser -->
        <test-method signature="verifyCreateMcqQuestion()[pri:0, instance:textscripts.CreateQue_LibraryTest@47987356]" started-at="2024-09-12T23:34:15 IST" name="verifyCreateMcqQuestion" finished-at="2024-09-12T23:34:24 IST" duration-ms="9440" status="PASS">
          <reporter-output>
          </reporter-output>
        </test-method> <!-- verifyCreateMcqQuestion -->
        <test-method is-config="true" signature="closeBrowser()[pri:0, instance:textscripts.CreateQue_LibraryTest@47987356]" started-at="2024-09-12T23:34:24 IST" name="closeBrowser" finished-at="2024-09-12T23:34:26 IST" duration-ms="1913" status="PASS">
          <reporter-output>
          </reporter-output>
        </test-method> <!-- closeBrowser -->
      </class> <!-- textscripts.CreateQue_LibraryTest -->
    </test> <!-- Default test -->
  </suite> <!-- Default suite -->
</testng-results>
